This is pdfTeX, Version 3.1415926-2.3-1.40.12 (MiKTeX 2.9 64-bit) (preloaded format=pdflatex 2012.11.24)  25 NOV 2012 15:09
entering extended mode
**report.tex
(C:\Users\giorgos\workspacePy\ELPL-assignment\Ass1\report\report.tex
LaTeX2e <2011/06/27>
Babel <v3.8m> and hyphenation patterns for english, afrikaans, ancientgreek, ar
abic, armenian, assamese, basque, bengali, bokmal, bulgarian, catalan, coptic, 
croatian, czech, danish, dutch, esperanto, estonian, farsi, finnish, french, ga
lician, german, german-x-2009-06-19, greek, gujarati, hindi, hungarian, iceland
ic, indonesian, interlingua, irish, italian, kannada, kurmanji, lao, latin, lat
vian, lithuanian, malayalam, marathi, mongolian, mongolianlmc, monogreek, ngerm
an, ngerman-x-2009-06-19, nynorsk, oriya, panjabi, pinyin, polish, portuguese, 
romanian, russian, sanskrit, serbian, slovak, slovenian, spanish, swedish, swis
sgerman, tamil, telugu, turkish, turkmen, ukenglish, ukrainian, uppersorbian, u
senglishmax, welsh, loaded.
("C:\Program Files\MiKTeX 2.9\tex\latex\base\article.cls"
Document Class: article 2007/10/19 v1.4h Standard LaTeX document class
("C:\Program Files\MiKTeX 2.9\tex\latex\base\size11.clo"
File: size11.clo 2007/10/19 v1.4h Standard LaTeX file (size option)
)
\c@part=\count79
\c@section=\count80
\c@subsection=\count81
\c@subsubsection=\count82
\c@paragraph=\count83
\c@subparagraph=\count84
\c@figure=\count85
\c@table=\count86
\abovecaptionskip=\skip41
\belowcaptionskip=\skip42
\bibindent=\dimen102
)
(C:\Users\giorgos\AppData\Roaming\MiKTeX\2.9\tex\latex\preprint\fullpage.sty
Package: fullpage 1999/02/23 1.1 (PWD)
\FP@margin=\skip43
)
("C:\Program Files\MiKTeX 2.9\tex\latex\graphics\color.sty"
Package: color 2005/11/14 v1.0j Standard LaTeX Color (DPC)

("C:\Program Files\MiKTeX 2.9\tex\latex\00miktex\color.cfg"
File: color.cfg 2007/01/18 v1.5 color configuration of teTeX/TeXLive
)
Package color Info: Driver file: pdftex.def on input line 130.

("C:\Program Files\MiKTeX 2.9\tex\latex\pdftex-def\pdftex.def"
File: pdftex.def 2011/05/27 v0.06d Graphics/color for pdfTeX

("C:\Program Files\MiKTeX 2.9\tex\generic\oberdiek\infwarerr.sty"
Package: infwarerr 2010/04/08 v1.3 Providing info/warning/error messages (HO)
)
("C:\Program Files\MiKTeX 2.9\tex\generic\oberdiek\ltxcmds.sty"
Package: ltxcmds 2011/11/09 v1.22 LaTeX kernel commands for general use (HO)
)
\Gread@gobject=\count87
))
("C:\Program Files\MiKTeX 2.9\tex\latex\hyperref\hyperref.sty"
Package: hyperref 2012/05/13 v6.82q Hypertext links for LaTeX

("C:\Program Files\MiKTeX 2.9\tex\generic\oberdiek\hobsub-hyperref.sty"
Package: hobsub-hyperref 2012/04/25 v1.12 Bundle oberdiek, subset hyperref (HO)


("C:\Program Files\MiKTeX 2.9\tex\generic\oberdiek\hobsub-generic.sty"
Package: hobsub-generic 2012/04/25 v1.12 Bundle oberdiek, subset generic (HO)
Package: hobsub 2012/04/25 v1.12 Construct package bundles (HO)
Package hobsub Info: Skipping package `infwarerr' (already loaded).
Package hobsub Info: Skipping package `ltxcmds' (already loaded).
Package: ifluatex 2010/03/01 v1.3 Provides the ifluatex switch (HO)
Package ifluatex Info: LuaTeX not detected.
Package: ifvtex 2010/03/01 v1.5 Detect VTeX and its facilities (HO)
Package ifvtex Info: VTeX not detected.
Package: intcalc 2007/09/27 v1.1 Expandable calculations with integers (HO)
Package: ifpdf 2011/01/30 v2.3 Provides the ifpdf switch (HO)
Package ifpdf Info: pdfTeX in PDF mode is detected.
Package: etexcmds 2011/02/16 v1.5 Avoid name clashes with e-TeX commands (HO)
Package etexcmds Info: Could not find \expanded.
(etexcmds)             That can mean that you are not using pdfTeX 1.50 or
(etexcmds)             that some package has redefined \expanded.
(etexcmds)             In the latter case, load this package earlier.
Package: kvsetkeys 2012/04/25 v1.16 Key value parser (HO)
Package: kvdefinekeys 2011/04/07 v1.3 Define keys (HO)
Package: pdftexcmds 2011/11/29 v0.20 Utility functions of pdfTeX for LuaTeX (HO
)
Package pdftexcmds Info: LuaTeX not detected.
Package pdftexcmds Info: \pdf@primitive is available.
Package pdftexcmds Info: \pdf@ifprimitive is available.
Package pdftexcmds Info: \pdfdraftmode found.
Package: pdfescape 2011/11/25 v1.13 Implements pdfTeX's escape features (HO)
Package: bigintcalc 2012/04/08 v1.3 Expandable calculations on big integers (HO
)
Package: bitset 2011/01/30 v1.1 Handle bit-vector datatype (HO)
Package: uniquecounter 2011/01/30 v1.2 Provide unlimited unique counter (HO)
)
Package hobsub Info: Skipping package `hobsub' (already loaded).
Package: letltxmacro 2010/09/02 v1.4 Let assignment for LaTeX macros (HO)
Package: hopatch 2011/06/24 v1.1 Wrapper for package hooks (HO)
Package: xcolor-patch 2011/01/30 xcolor patch
Package: atveryend 2011/06/30 v1.8 Hooks at the very end of document (HO)
Package atveryend Info: \enddocument detected (standard20110627).
Package: atbegshi 2011/10/05 v1.16 At begin shipout hook (HO)
Package: refcount 2011/10/16 v3.4 Data extraction from label references (HO)
Package: hycolor 2011/01/30 v1.7 Color options for hyperref/bookmark (HO)
)
("C:\Program Files\MiKTeX 2.9\tex\latex\graphics\keyval.sty"
Package: keyval 1999/03/16 v1.13 key=value parser (DPC)
\KV@toks@=\toks14
)
("C:\Program Files\MiKTeX 2.9\tex\generic\ifxetex\ifxetex.sty"
Package: ifxetex 2010/09/12 v0.6 Provides ifxetex conditional
)
("C:\Program Files\MiKTeX 2.9\tex\latex\oberdiek\kvoptions.sty"
Package: kvoptions 2011/06/30 v3.11 Key value format for package options (HO)
)
\@linkdim=\dimen103
\Hy@linkcounter=\count88
\Hy@pagecounter=\count89

("C:\Program Files\MiKTeX 2.9\tex\latex\hyperref\pd1enc.def"
File: pd1enc.def 2012/05/13 v6.82q Hyperref: PDFDocEncoding definition (HO)
)
\Hy@SavedSpaceFactor=\count90

("C:\Program Files\MiKTeX 2.9\tex\latex\00miktex\hyperref.cfg"
File: hyperref.cfg 2002/06/06 v1.2 hyperref configuration of TeXLive
)
Package hyperref Info: Hyper figures OFF on input line 4062.
Package hyperref Info: Link nesting OFF on input line 4067.
Package hyperref Info: Hyper index ON on input line 4070.
Package hyperref Info: Plain pages OFF on input line 4077.
Package hyperref Info: Backreferencing OFF on input line 4082.
Package hyperref Info: Implicit mode ON; LaTeX internals redefined.
Package hyperref Info: Bookmarks ON on input line 4300.
\c@Hy@tempcnt=\count91

("C:\Program Files\MiKTeX 2.9\tex\latex\ltxmisc\url.sty"
\Urlmuskip=\muskip10
Package: url 2006/04/12  ver 3.3  Verb mode for urls, etc.
)
LaTeX Info: Redefining \url on input line 4653.
\Fld@menulength=\count92
\Field@Width=\dimen104
\Fld@charsize=\dimen105
Package hyperref Info: Hyper figures OFF on input line 5773.
Package hyperref Info: Link nesting OFF on input line 5778.
Package hyperref Info: Hyper index ON on input line 5781.
Package hyperref Info: backreferencing OFF on input line 5788.
Package hyperref Info: Link coloring OFF on input line 5793.
Package hyperref Info: Link coloring with OCG OFF on input line 5798.
Package hyperref Info: PDF/A mode OFF on input line 5803.
LaTeX Info: Redefining \ref on input line 5843.
LaTeX Info: Redefining \pageref on input line 5847.
\Hy@abspage=\count93
\c@Item=\count94
\c@Hfootnote=\count95
)

Package hyperref Message: Driver (autodetected): hpdftex.

("C:\Program Files\MiKTeX 2.9\tex\latex\hyperref\hpdftex.def"
File: hpdftex.def 2012/05/13 v6.82q Hyperref driver for pdfTeX
\Fld@listcount=\count96
\c@bookmark@seq@number=\count97

("C:\Program Files\MiKTeX 2.9\tex\latex\oberdiek\rerunfilecheck.sty"
Package: rerunfilecheck 2011/04/15 v1.7 Rerun checks for auxiliary files (HO)
Package uniquecounter Info: New unique counter `rerunfilecheck' on input line 2
82.
)
\Hy@SectionHShift=\skip44
)
("C:\Program Files\MiKTeX 2.9\tex\latex\ams\math\amsmath.sty"
Package: amsmath 2000/07/18 v2.13 AMS math features
\@mathmargin=\skip45

For additional information on amsmath, use the `?' option.
("C:\Program Files\MiKTeX 2.9\tex\latex\ams\math\amstext.sty"
Package: amstext 2000/06/29 v2.01

("C:\Program Files\MiKTeX 2.9\tex\latex\ams\math\amsgen.sty"
File: amsgen.sty 1999/11/30 v2.0
\@emptytoks=\toks15
\ex@=\dimen106
))
("C:\Program Files\MiKTeX 2.9\tex\latex\ams\math\amsbsy.sty"
Package: amsbsy 1999/11/29 v1.2d
\pmbraise@=\dimen107
)
("C:\Program Files\MiKTeX 2.9\tex\latex\ams\math\amsopn.sty"
Package: amsopn 1999/12/14 v2.01 operator names
)
\inf@bad=\count98
LaTeX Info: Redefining \frac on input line 211.
\uproot@=\count99
\leftroot@=\count100
LaTeX Info: Redefining \overline on input line 307.
\classnum@=\count101
\DOTSCASE@=\count102
LaTeX Info: Redefining \ldots on input line 379.
LaTeX Info: Redefining \dots on input line 382.
LaTeX Info: Redefining \cdots on input line 467.
\Mathstrutbox@=\box26
\strutbox@=\box27
\big@size=\dimen108
LaTeX Font Info:    Redeclaring font encoding OML on input line 567.
LaTeX Font Info:    Redeclaring font encoding OMS on input line 568.
\macc@depth=\count103
\c@MaxMatrixCols=\count104
\dotsspace@=\muskip11
\c@parentequation=\count105
\dspbrk@lvl=\count106
\tag@help=\toks16
\row@=\count107
\column@=\count108
\maxfields@=\count109
\andhelp@=\toks17
\eqnshift@=\dimen109
\alignsep@=\dimen110
\tagshift@=\dimen111
\tagwidth@=\dimen112
\totwidth@=\dimen113
\lineht@=\dimen114
\@envbody=\toks18
\multlinegap=\skip46
\multlinetaggap=\skip47
\mathdisplay@stack=\toks19
LaTeX Info: Redefining \[ on input line 2666.
LaTeX Info: Redefining \] on input line 2667.
)
("C:\Program Files\MiKTeX 2.9\tex\latex\amsfonts\amssymb.sty"
Package: amssymb 2009/06/22 v3.00

("C:\Program Files\MiKTeX 2.9\tex\latex\amsfonts\amsfonts.sty"
Package: amsfonts 2009/06/22 v3.00 Basic AMSFonts support
\symAMSa=\mathgroup4
\symAMSb=\mathgroup5
LaTeX Font Info:    Overwriting math alphabet `\mathfrak' in version `bold'
(Font)                  U/euf/m/n --> U/euf/b/n on input line 96.
))
(C:\Users\giorgos\AppData\Roaming\MiKTeX\2.9\tex\latex\pgf\frontendlayer\tikz.s
ty
(C:\Users\giorgos\AppData\Roaming\MiKTeX\2.9\tex\latex\pgf\basiclayer\pgf.sty
(C:\Users\giorgos\AppData\Roaming\MiKTeX\2.9\tex\latex\pgf\utilities\pgfrcs.sty

(C:\Users\giorgos\AppData\Roaming\MiKTeX\2.9\tex\generic\pgf\utilities\pgfutil-
common.tex
\pgfutil@everybye=\toks20
)
(C:\Users\giorgos\AppData\Roaming\MiKTeX\2.9\tex\generic\pgf\utilities\pgfutil-
latex.def
\pgfutil@abb=\box28

(C:\Users\giorgos\AppData\Roaming\MiKTeX\2.9\tex\latex\ms\everyshi.sty
Package: everyshi 2001/05/15 v3.00 EveryShipout Package (MS)
))
(C:\Users\giorgos\AppData\Roaming\MiKTeX\2.9\tex\generic\pgf\utilities\pgfrcs.c
ode.tex
Package: pgfrcs 2010/10/25 v2.10 (rcs-revision 1.24)
))
Package: pgf 2008/01/15 v2.10 (rcs-revision 1.12)

(C:\Users\giorgos\AppData\Roaming\MiKTeX\2.9\tex\latex\pgf\basiclayer\pgfcore.s
ty ("C:\Program Files\MiKTeX 2.9\tex\latex\graphics\graphicx.sty"
Package: graphicx 1999/02/16 v1.0f Enhanced LaTeX Graphics (DPC,SPQR)

("C:\Program Files\MiKTeX 2.9\tex\latex\graphics\graphics.sty"
Package: graphics 2009/02/05 v1.0o Standard LaTeX Graphics (DPC,SPQR)

("C:\Program Files\MiKTeX 2.9\tex\latex\graphics\trig.sty"
Package: trig 1999/03/16 v1.09 sin cos tan (DPC)
)
("C:\Program Files\MiKTeX 2.9\tex\latex\00miktex\graphics.cfg"
File: graphics.cfg 2007/01/18 v1.5 graphics configuration of teTeX/TeXLive
)
Package graphics Info: Driver file: pdftex.def on input line 91.
)
\Gin@req@height=\dimen115
\Gin@req@width=\dimen116
)
(C:\Users\giorgos\AppData\Roaming\MiKTeX\2.9\tex\latex\pgf\systemlayer\pgfsys.s
ty
(C:\Users\giorgos\AppData\Roaming\MiKTeX\2.9\tex\generic\pgf\systemlayer\pgfsys
.code.tex
Package: pgfsys 2010/06/30 v2.10 (rcs-revision 1.37)

(C:\Users\giorgos\AppData\Roaming\MiKTeX\2.9\tex\generic\pgf\utilities\pgfkeys.
code.tex
\pgfkeys@pathtoks=\toks21
\pgfkeys@temptoks=\toks22

(C:\Users\giorgos\AppData\Roaming\MiKTeX\2.9\tex\generic\pgf\utilities\pgfkeysf
iltered.code.tex
\pgfkeys@tmptoks=\toks23
))
\pgf@x=\dimen117
\pgf@y=\dimen118
\pgf@xa=\dimen119
\pgf@ya=\dimen120
\pgf@xb=\dimen121
\pgf@yb=\dimen122
\pgf@xc=\dimen123
\pgf@yc=\dimen124
\w@pgf@writea=\write3
\r@pgf@reada=\read1
\c@pgf@counta=\count110
\c@pgf@countb=\count111
\c@pgf@countc=\count112
\c@pgf@countd=\count113

(C:\Users\giorgos\AppData\Roaming\MiKTeX\2.9\tex\generic\pgf\systemlayer\pgf.cf
g
File: pgf.cfg 2008/05/14  (rcs-revision 1.7)
)
Package pgfsys Info: Driver file for pgf: pgfsys-pdftex.def on input line 900.

(C:\Users\giorgos\AppData\Roaming\MiKTeX\2.9\tex\generic\pgf\systemlayer\pgfsys
-pdftex.def
File: pgfsys-pdftex.def 2009/05/22  (rcs-revision 1.26)

(C:\Users\giorgos\AppData\Roaming\MiKTeX\2.9\tex\generic\pgf\systemlayer\pgfsys
-common-pdf.def
File: pgfsys-common-pdf.def 2008/05/19  (rcs-revision 1.10)
)))
(C:\Users\giorgos\AppData\Roaming\MiKTeX\2.9\tex\generic\pgf\systemlayer\pgfsys
softpath.code.tex
File: pgfsyssoftpath.code.tex 2008/07/18  (rcs-revision 1.7)
\pgfsyssoftpath@smallbuffer@items=\count114
\pgfsyssoftpath@bigbuffer@items=\count115
)
(C:\Users\giorgos\AppData\Roaming\MiKTeX\2.9\tex\generic\pgf\systemlayer\pgfsys
protocol.code.tex
File: pgfsysprotocol.code.tex 2006/10/16  (rcs-revision 1.4)
))
(C:\Users\giorgos\AppData\Roaming\MiKTeX\2.9\tex\latex\xcolor\xcolor.sty
Package: xcolor 2007/01/21 v2.11 LaTeX color extensions (UK)

("C:\Program Files\MiKTeX 2.9\tex\latex\00miktex\color.cfg"
File: color.cfg 2007/01/18 v1.5 color configuration of teTeX/TeXLive
)
Package xcolor Info: Driver file: pdftex.def on input line 225.
LaTeX Info: Redefining \color on input line 702.
Package xcolor Info: Model `cmy' substituted by `cmy0' on input line 1337.
Package xcolor Info: Model `hsb' substituted by `rgb' on input line 1341.
Package xcolor Info: Model `RGB' extended on input line 1353.
Package xcolor Info: Model `HTML' substituted by `rgb' on input line 1355.
Package xcolor Info: Model `Hsb' substituted by `hsb' on input line 1356.
Package xcolor Info: Model `tHsb' substituted by `hsb' on input line 1357.
Package xcolor Info: Model `HSB' substituted by `hsb' on input line 1358.
Package xcolor Info: Model `Gray' substituted by `gray' on input line 1359.
Package xcolor Info: Model `wave' substituted by `hsb' on input line 1360.
)
(C:\Users\giorgos\AppData\Roaming\MiKTeX\2.9\tex\generic\pgf\basiclayer\pgfcore
.code.tex
Package: pgfcore 2010/04/11 v2.10 (rcs-revision 1.7)

(C:\Users\giorgos\AppData\Roaming\MiKTeX\2.9\tex\generic\pgf\math\pgfmath.code.
tex
(C:\Users\giorgos\AppData\Roaming\MiKTeX\2.9\tex\generic\pgf\math\pgfmathcalc.c
ode.tex
(C:\Users\giorgos\AppData\Roaming\MiKTeX\2.9\tex\generic\pgf\math\pgfmathutil.c
ode.tex)
(C:\Users\giorgos\AppData\Roaming\MiKTeX\2.9\tex\generic\pgf\math\pgfmathparser
.code.tex
\pgfmath@dimen=\dimen125
\pgfmath@count=\count116
\pgfmath@box=\box29
\pgfmath@toks=\toks24
\pgfmath@stack@operand=\toks25
\pgfmath@stack@operation=\toks26
)
(C:\Users\giorgos\AppData\Roaming\MiKTeX\2.9\tex\generic\pgf\math\pgfmathfuncti
ons.code.tex
(C:\Users\giorgos\AppData\Roaming\MiKTeX\2.9\tex\generic\pgf\math\pgfmathfuncti
ons.basic.code.tex)
(C:\Users\giorgos\AppData\Roaming\MiKTeX\2.9\tex\generic\pgf\math\pgfmathfuncti
ons.trigonometric.code.tex)
(C:\Users\giorgos\AppData\Roaming\MiKTeX\2.9\tex\generic\pgf\math\pgfmathfuncti
ons.random.code.tex)
(C:\Users\giorgos\AppData\Roaming\MiKTeX\2.9\tex\generic\pgf\math\pgfmathfuncti
ons.comparison.code.tex)
(C:\Users\giorgos\AppData\Roaming\MiKTeX\2.9\tex\generic\pgf\math\pgfmathfuncti
ons.base.code.tex)
(C:\Users\giorgos\AppData\Roaming\MiKTeX\2.9\tex\generic\pgf\math\pgfmathfuncti
ons.round.code.tex)
(C:\Users\giorgos\AppData\Roaming\MiKTeX\2.9\tex\generic\pgf\math\pgfmathfuncti
ons.misc.code.tex)))
(C:\Users\giorgos\AppData\Roaming\MiKTeX\2.9\tex\generic\pgf\math\pgfmathfloat.
code.tex
\c@pgfmathroundto@lastzeros=\count117
))
(C:\Users\giorgos\AppData\Roaming\MiKTeX\2.9\tex\generic\pgf\basiclayer\pgfcore
points.code.tex
File: pgfcorepoints.code.tex 2010/04/09  (rcs-revision 1.20)
\pgf@picminx=\dimen126
\pgf@picmaxx=\dimen127
\pgf@picminy=\dimen128
\pgf@picmaxy=\dimen129
\pgf@pathminx=\dimen130
\pgf@pathmaxx=\dimen131
\pgf@pathminy=\dimen132
\pgf@pathmaxy=\dimen133
\pgf@xx=\dimen134
\pgf@xy=\dimen135
\pgf@yx=\dimen136
\pgf@yy=\dimen137
\pgf@zx=\dimen138
\pgf@zy=\dimen139
)
(C:\Users\giorgos\AppData\Roaming\MiKTeX\2.9\tex\generic\pgf\basiclayer\pgfcore
pathconstruct.code.tex
File: pgfcorepathconstruct.code.tex 2010/08/03  (rcs-revision 1.24)
\pgf@path@lastx=\dimen140
\pgf@path@lasty=\dimen141
)
(C:\Users\giorgos\AppData\Roaming\MiKTeX\2.9\tex\generic\pgf\basiclayer\pgfcore
pathusage.code.tex
File: pgfcorepathusage.code.tex 2008/04/22  (rcs-revision 1.12)
\pgf@shorten@end@additional=\dimen142
\pgf@shorten@start@additional=\dimen143
)
(C:\Users\giorgos\AppData\Roaming\MiKTeX\2.9\tex\generic\pgf\basiclayer\pgfcore
scopes.code.tex
File: pgfcorescopes.code.tex 2010/09/08  (rcs-revision 1.34)
\pgfpic=\box30
\pgf@hbox=\box31
\pgf@layerbox@main=\box32
\pgf@picture@serial@count=\count118
)
(C:\Users\giorgos\AppData\Roaming\MiKTeX\2.9\tex\generic\pgf\basiclayer\pgfcore
graphicstate.code.tex
File: pgfcoregraphicstate.code.tex 2008/04/22  (rcs-revision 1.9)
\pgflinewidth=\dimen144
)
(C:\Users\giorgos\AppData\Roaming\MiKTeX\2.9\tex\generic\pgf\basiclayer\pgfcore
transformations.code.tex
File: pgfcoretransformations.code.tex 2009/06/10  (rcs-revision 1.11)
\pgf@pt@x=\dimen145
\pgf@pt@y=\dimen146
\pgf@pt@temp=\dimen147
)
(C:\Users\giorgos\AppData\Roaming\MiKTeX\2.9\tex\generic\pgf\basiclayer\pgfcore
quick.code.tex
File: pgfcorequick.code.tex 2008/10/09  (rcs-revision 1.3)
)
(C:\Users\giorgos\AppData\Roaming\MiKTeX\2.9\tex\generic\pgf\basiclayer\pgfcore
objects.code.tex
File: pgfcoreobjects.code.tex 2006/10/11  (rcs-revision 1.2)
)
(C:\Users\giorgos\AppData\Roaming\MiKTeX\2.9\tex\generic\pgf\basiclayer\pgfcore
pathprocessing.code.tex
File: pgfcorepathprocessing.code.tex 2008/10/09  (rcs-revision 1.8)
)
(C:\Users\giorgos\AppData\Roaming\MiKTeX\2.9\tex\generic\pgf\basiclayer\pgfcore
arrows.code.tex
File: pgfcorearrows.code.tex 2008/04/23  (rcs-revision 1.11)
)
(C:\Users\giorgos\AppData\Roaming\MiKTeX\2.9\tex\generic\pgf\basiclayer\pgfcore
shade.code.tex
File: pgfcoreshade.code.tex 2008/11/23  (rcs-revision 1.13)
\pgf@max=\dimen148
\pgf@sys@shading@range@num=\count119
)
(C:\Users\giorgos\AppData\Roaming\MiKTeX\2.9\tex\generic\pgf\basiclayer\pgfcore
image.code.tex
File: pgfcoreimage.code.tex 2010/03/25  (rcs-revision 1.16)

(C:\Users\giorgos\AppData\Roaming\MiKTeX\2.9\tex\generic\pgf\basiclayer\pgfcore
external.code.tex
File: pgfcoreexternal.code.tex 2010/09/01  (rcs-revision 1.17)
\pgfexternal@startupbox=\box33
))
(C:\Users\giorgos\AppData\Roaming\MiKTeX\2.9\tex\generic\pgf\basiclayer\pgfcore
layers.code.tex
File: pgfcorelayers.code.tex 2010/08/27  (rcs-revision 1.2)
)
(C:\Users\giorgos\AppData\Roaming\MiKTeX\2.9\tex\generic\pgf\basiclayer\pgfcore
transparency.code.tex
File: pgfcoretransparency.code.tex 2008/01/17  (rcs-revision 1.2)
)
(C:\Users\giorgos\AppData\Roaming\MiKTeX\2.9\tex\generic\pgf\basiclayer\pgfcore
patterns.code.tex
File: pgfcorepatterns.code.tex 2009/07/02  (rcs-revision 1.3)
)))
(C:\Users\giorgos\AppData\Roaming\MiKTeX\2.9\tex\generic\pgf\modules\pgfmodules
hapes.code.tex
File: pgfmoduleshapes.code.tex 2010/09/09  (rcs-revision 1.13)
\pgfnodeparttextbox=\box34
)
(C:\Users\giorgos\AppData\Roaming\MiKTeX\2.9\tex\generic\pgf\modules\pgfmodulep
lot.code.tex
File: pgfmoduleplot.code.tex 2010/10/22  (rcs-revision 1.8)
)
(C:\Users\giorgos\AppData\Roaming\MiKTeX\2.9\tex\latex\pgf\compatibility\pgfcom
p-version-0-65.sty
Package: pgfcomp-version-0-65 2007/07/03 v2.10 (rcs-revision 1.7)
\pgf@nodesepstart=\dimen149
\pgf@nodesepend=\dimen150
)
(C:\Users\giorgos\AppData\Roaming\MiKTeX\2.9\tex\latex\pgf\compatibility\pgfcom
p-version-1-18.sty
Package: pgfcomp-version-1-18 2007/07/23 v2.10 (rcs-revision 1.1)
))
(C:\Users\giorgos\AppData\Roaming\MiKTeX\2.9\tex\latex\pgf\utilities\pgffor.sty

(C:\Users\giorgos\AppData\Roaming\MiKTeX\2.9\tex\latex\pgf\utilities\pgfkeys.st
y
(C:\Users\giorgos\AppData\Roaming\MiKTeX\2.9\tex\generic\pgf\utilities\pgfkeys.
code.tex))
(C:\Users\giorgos\AppData\Roaming\MiKTeX\2.9\tex\generic\pgf\utilities\pgffor.c
ode.tex
Package: pgffor 2010/03/23 v2.10 (rcs-revision 1.18)
\pgffor@iter=\dimen151
\pgffor@skip=\dimen152
\pgffor@stack=\toks27
\pgffor@toks=\toks28
))
(C:\Users\giorgos\AppData\Roaming\MiKTeX\2.9\tex\generic\pgf\frontendlayer\tikz
\tikz.code.tex
Package: tikz 2010/10/13 v2.10 (rcs-revision 1.76)

(C:\Users\giorgos\AppData\Roaming\MiKTeX\2.9\tex\generic\pgf\libraries\pgflibra
ryplothandlers.code.tex
File: pgflibraryplothandlers.code.tex 2010/05/31 v2.10 (rcs-revision 1.15)
\pgf@plot@mark@count=\count120
\pgfplotmarksize=\dimen153
)
\tikz@lastx=\dimen154
\tikz@lasty=\dimen155
\tikz@lastxsaved=\dimen156
\tikz@lastysaved=\dimen157
\tikzleveldistance=\dimen158
\tikzsiblingdistance=\dimen159
\tikz@figbox=\box35
\tikz@tempbox=\box36
\tikztreelevel=\count121
\tikznumberofchildren=\count122
\tikznumberofcurrentchild=\count123
\tikz@fig@count=\count124

(C:\Users\giorgos\AppData\Roaming\MiKTeX\2.9\tex\generic\pgf\modules\pgfmodulem
atrix.code.tex
File: pgfmodulematrix.code.tex 2010/08/24  (rcs-revision 1.4)
\pgfmatrixcurrentrow=\count125
\pgfmatrixcurrentcolumn=\count126
\pgf@matrix@numberofcolumns=\count127
)
\tikz@expandcount=\count128

(C:\Users\giorgos\AppData\Roaming\MiKTeX\2.9\tex\generic\pgf\frontendlayer\tikz
\libraries\tikzlibrarytopaths.code.tex
File: tikzlibrarytopaths.code.tex 2008/06/17 v2.10 (rcs-revision 1.2)
)))
("C:\Program Files\MiKTeX 2.9\tex\latex\tools\tabularx.sty"
Package: tabularx 1999/01/07 v2.07 `tabularx' package (DPC)

("C:\Program Files\MiKTeX 2.9\tex\latex\tools\array.sty"
Package: array 2008/09/09 v2.4c Tabular extension package (FMi)
\col@sep=\dimen160
\extrarowheight=\dimen161
\NC@list=\toks29
\extratabsurround=\skip48
\backup@length=\skip49
)
\TX@col@width=\dimen162
\TX@old@table=\dimen163
\TX@old@col=\dimen164
\TX@target=\dimen165
\TX@delta=\dimen166
\TX@cols=\count129
\TX@ftn=\toks30
)
(C:\Users\giorgos\AppData\Roaming\MiKTeX\2.9\tex\latex\booktabs\booktabs.sty
Package: booktabs 2005/04/14 v1.61803 publication quality tables
\heavyrulewidth=\dimen167
\lightrulewidth=\dimen168
\cmidrulewidth=\dimen169
\belowrulesep=\dimen170
\belowbottomsep=\dimen171
\aboverulesep=\dimen172
\abovetopsep=\dimen173
\cmidrulesep=\dimen174
\cmidrulekern=\dimen175
\defaultaddspace=\dimen176
\@cmidla=\count130
\@cmidlb=\count131
\@aboverulesep=\dimen177
\@belowrulesep=\dimen178
\@thisruleclass=\count132
\@lastruleclass=\count133
\@thisrulewidth=\dimen179
)
("C:\Program Files\MiKTeX 2.9\tex\latex\multirow\multirow.sty"
\bigstrutjot=\dimen180
)
(C:\Users\giorgos\AppData\Roaming\MiKTeX\2.9\tex\latex\layouts\layouts.sty
Package: layouts 2009/09/02 v2.6d graphical depiction of document elements
\l@ylen=\skip50
\layoutsbox=\box37
\l@youtunitlength=\skip51
\l@youtlinethick=\skip52
\l@youtlinethickii=\skip53
\l@ysetupparskip=\skip54
\l@ysetupbaselineskip=\skip55
\l@yonem=\skip56
\l@yonex=\skip57
\l@ylmarg=\skip58
\l@yrmarg=\skip59
\l@yitmindent=\skip60
\l@ylblwidth=\skip61
\l@ylblsep=\skip62
\l@ylparindent=\skip63
\l@ytsep=\skip64
\l@ypskip=\skip65
\l@yptsep=\skip66
\l@ypsep=\skip67
\l@yitmsep=\skip68
\l@ytok=\toks31
\l@youtpw=\count134
\l@youtph=\count135
\l@youthpi=\count136
\l@youthpii=\count137
\l@youthpiii=\count138
\l@youthpiv=\count139
\l@youthpv=\count140
\l@youthpvi=\count141
\l@youthpvii=\count142
\l@youtparskip=\count143
\l@youtvpi=\count144
\l@youtvpii=\count145
\l@youtvpiii=\count146
\l@youtvpiv=\count147
\l@youtvpv=\count148
\l@youtvpvi=\count149
\l@youtvpvii=\count150
\l@youthdo=\count151
\l@youthdi=\count152
\l@youthdii=\count153
\l@youthdiii=\count154
\l@youthdiv=\count155
\l@youthdv=\count156
\l@youthdvi=\count157
\l@youthdvii=\count158
\l@youtvdo=\count159
\l@youtvdi=\count160
\l@youtvdii=\count161
\l@youtvdiii=\count162
\l@youtvdiv=\count163
\l@youtvdv=\count164
\l@youtvdvi=\count165
\l@youtvdvii=\count166
\l@youtvdviii=\count167
\l@youtxci=\count168
\l@youtxcii=\count169
\l@youtxciii=\count170
\l@youtxciv=\count171
\l@youtxcv=\count172
\l@youtxcvi=\count173
\l@youtyci=\count174
\l@youtycii=\count175
\l@youtyciii=\count176
\l@youtyciv=\count177
\l@youtycv=\count178
\l@youtycvi=\count179
\l@youtycvii=\count180
\l@youtycviii=\count181
\l@youtxco=\count182
\l@youtyco=\count183
\l@ytempdima=\skip69
\stockwidth=\skip70
\stockheight=\skip71
\trimedge=\skip72
\trimtop=\skip73
\uppermargin=\skip74
\spinemargin=\skip75
)
("C:\Program Files\MiKTeX 2.9\tex\latex\amsfonts\eucal.sty"
Package: eucal 2009/06/22 v3.00 Euler Script fonts
LaTeX Font Info:    Overwriting math alphabet `\EuScript' in version `bold'
(Font)                  U/eus/m/n --> U/eus/b/n on input line 33.
)
("C:\Program Files\MiKTeX 2.9\tex\latex\base\ifthen.sty"
Package: ifthen 2001/05/26 v1.1c Standard LaTeX ifthen package (DPC)
)
("C:\Program Files\MiKTeX 2.9\tex\latex\lm\lmodern.sty"
Package: lmodern 2009/10/30 v1.6 Latin Modern Fonts
LaTeX Font Info:    Overwriting symbol font `operators' in version `normal'
(Font)                  OT1/cmr/m/n --> OT1/lmr/m/n on input line 22.
LaTeX Font Info:    Overwriting symbol font `letters' in version `normal'
(Font)                  OML/cmm/m/it --> OML/lmm/m/it on input line 23.
LaTeX Font Info:    Overwriting symbol font `symbols' in version `normal'
(Font)                  OMS/cmsy/m/n --> OMS/lmsy/m/n on input line 24.
LaTeX Font Info:    Overwriting symbol font `largesymbols' in version `normal'
(Font)                  OMX/cmex/m/n --> OMX/lmex/m/n on input line 25.
LaTeX Font Info:    Overwriting symbol font `operators' in version `bold'
(Font)                  OT1/cmr/bx/n --> OT1/lmr/bx/n on input line 26.
LaTeX Font Info:    Overwriting symbol font `letters' in version `bold'
(Font)                  OML/cmm/b/it --> OML/lmm/b/it on input line 27.
LaTeX Font Info:    Overwriting symbol font `symbols' in version `bold'
(Font)                  OMS/cmsy/b/n --> OMS/lmsy/b/n on input line 28.
LaTeX Font Info:    Overwriting symbol font `largesymbols' in version `bold'
(Font)                  OMX/cmex/m/n --> OMX/lmex/m/n on input line 29.
LaTeX Font Info:    Overwriting math alphabet `\mathbf' in version `normal'
(Font)                  OT1/cmr/bx/n --> OT1/lmr/bx/n on input line 31.
LaTeX Font Info:    Overwriting math alphabet `\mathsf' in version `normal'
(Font)                  OT1/cmss/m/n --> OT1/lmss/m/n on input line 32.
LaTeX Font Info:    Overwriting math alphabet `\mathit' in version `normal'
(Font)                  OT1/cmr/m/it --> OT1/lmr/m/it on input line 33.
LaTeX Font Info:    Overwriting math alphabet `\mathtt' in version `normal'
(Font)                  OT1/cmtt/m/n --> OT1/lmtt/m/n on input line 34.
LaTeX Font Info:    Overwriting math alphabet `\mathbf' in version `bold'
(Font)                  OT1/cmr/bx/n --> OT1/lmr/bx/n on input line 35.
LaTeX Font Info:    Overwriting math alphabet `\mathsf' in version `bold'
(Font)                  OT1/cmss/bx/n --> OT1/lmss/bx/n on input line 36.
LaTeX Font Info:    Overwriting math alphabet `\mathit' in version `bold'
(Font)                  OT1/cmr/bx/it --> OT1/lmr/bx/it on input line 37.
LaTeX Font Info:    Overwriting math alphabet `\mathtt' in version `bold'
(Font)                  OT1/cmtt/m/n --> OT1/lmtt/m/n on input line 38.
)
("C:\Program Files\MiKTeX 2.9\tex\latex\ams\classes\amsthm.sty"
Package: amsthm 2004/08/06 v2.20
\thm@style=\toks32
\thm@bodyfont=\toks33
\thm@headfont=\toks34
\thm@notefont=\toks35
\thm@headpunct=\toks36
\thm@preskip=\skip76
\thm@postskip=\skip77
\thm@headsep=\skip78
\dth@everypar=\toks37
)
("C:\Program Files\MiKTeX 2.9\tex\latex\oberdiek\epstopdf.sty"
Package: epstopdf 2010/02/09 v2.5 Conversion with epstopdf on the fly (HO)

("C:\Program Files\MiKTeX 2.9\tex\latex\oberdiek\epstopdf-base.sty"
Package: epstopdf-base 2010/02/09 v2.5 Base part for package epstopdf

("C:\Program Files\MiKTeX 2.9\tex\latex\oberdiek\grfext.sty"
Package: grfext 2010/08/19 v1.1 Manage graphics extensions (HO)
)
Package grfext Info: Graphics extension search list:
(grfext)             [.png,.pdf,.jpg,.mps,.jpeg,.jbig2,.jb2,.PNG,.PDF,.JPG,.JPE
G,.JBIG2,.JB2,.eps]
(grfext)             \AppendGraphicsExtensions on input line 452.
))
(C:\Users\giorgos\workspacePy\ELPL-assignment\Ass1\report\algorithm.sty
Package: algorithm 

Document Style `algorithm' - floating environment
("C:\Program Files\MiKTeX 2.9\tex\latex\float\float.sty"
Package: float 2001/11/08 v1.3d Float enhancements (AL)
\c@float@type=\count184
\float@exts=\toks38
\float@box=\box38
\@float@everytoks=\toks39
\@floatcapt=\box39
)
\@float@every@algorithm=\toks40
\c@algorithm=\count185
)
(C:\Users\giorgos\workspacePy\ELPL-assignment\Ass1\report\algorithmic.sty
Package: algorithmic 2005/07/05

Document Style `algorithmic' - environment
("C:\Program Files\MiKTeX 2.9\tex\latex\tools\calc.sty"
Package: calc 2007/08/22 v4.3 Infix arithmetic (KKT,FJ)
\calc@Acount=\count186
\calc@Bcount=\count187
\calc@Adimen=\dimen181
\calc@Bdimen=\dimen182
\calc@Askip=\skip79
\calc@Bskip=\skip80
LaTeX Info: Redefining \setlength on input line 76.
LaTeX Info: Redefining \addtolength on input line 77.
\calc@Ccount=\count188
\calc@Cskip=\skip81
)
\c@ALC@line=\count189
\c@ALC@rem=\count190
\c@ALC@depth=\count191
\ALC@tlm=\skip82
\algorithmicindent=\skip83
)
(C:\Users\giorgos\AppData\Roaming\MiKTeX\2.9\tex\generic\pgf\frontendlayer\tikz
\libraries\tikzlibrarypositioning.code.tex
File: tikzlibrarypositioning.code.tex 2008/10/06 v2.10 (rcs-revision 1.7)
)
Package hyperref Info: Option `colorlinks' set `true' on input line 35.

(C:\Users\giorgos\workspacePy\ELPL-assignment\Ass1\report\report.aux

LaTeX Warning: Label `unknown' multiply defined.

)
LaTeX Font Info:    Checking defaults for OML/cmm/m/it on input line 55.
LaTeX Font Info:    ... okay on input line 55.
LaTeX Font Info:    Checking defaults for T1/cmr/m/n on input line 55.
LaTeX Font Info:    ... okay on input line 55.
LaTeX Font Info:    Checking defaults for OT1/cmr/m/n on input line 55.
LaTeX Font Info:    ... okay on input line 55.
LaTeX Font Info:    Checking defaults for OMS/cmsy/m/n on input line 55.
LaTeX Font Info:    ... okay on input line 55.
LaTeX Font Info:    Checking defaults for OMX/cmex/m/n on input line 55.
LaTeX Font Info:    ... okay on input line 55.
LaTeX Font Info:    Checking defaults for U/cmr/m/n on input line 55.
LaTeX Font Info:    ... okay on input line 55.
LaTeX Font Info:    Checking defaults for PD1/pdf/m/n on input line 55.
LaTeX Font Info:    ... okay on input line 55.
LaTeX Font Info:    Try loading font information for OT1+lmr on input line 55.
 ("C:\Program Files\MiKTeX 2.9\tex\latex\lm\ot1lmr.fd"
File: ot1lmr.fd 2009/10/30 v1.6 Font defs for Latin Modern
)
(C:\Users\giorgos\AppData\Roaming\MiKTeX\2.9\tex\context\base\supp-pdf.mkii
[Loading MPS to PDF converter (version 2006.09.02).]
\scratchcounter=\count192
\scratchdimen=\dimen183
\scratchbox=\box40
\nofMPsegments=\count193
\nofMParguments=\count194
\everyMPshowfont=\toks41
\MPscratchCnt=\count195
\MPscratchDim=\dimen184
\MPnumerator=\count196
\makeMPintoPDFobject=\count197
\everyMPtoPDFconversion=\toks42
)
\AtBeginShipoutBox=\box41


Package hyperref Warning: Height of page (\stockheight) is invalid (0.0pt),
(hyperref)                using 11in.

Package hyperref Info: Link coloring ON on input line 55.
("C:\Program Files\MiKTeX 2.9\tex\latex\hyperref\nameref.sty"
Package: nameref 2010/04/30 v2.40 Cross-referencing by name of section

("C:\Program Files\MiKTeX 2.9\tex\generic\oberdiek\gettitlestring.sty"
Package: gettitlestring 2010/12/03 v1.4 Cleanup title references (HO)
)
\c@section@level=\count198
)
LaTeX Info: Redefining \ref on input line 55.
LaTeX Info: Redefining \pageref on input line 55.
LaTeX Info: Redefining \nameref on input line 55.

(C:\Users\giorgos\workspacePy\ELPL-assignment\Ass1\report\report.out)
(C:\Users\giorgos\workspacePy\ELPL-assignment\Ass1\report\report.out)
\@outlinefile=\write4

ABD: EveryShipout initializing macros

Package layouts Warning: Layout scale set to 0.5 on input line 55.

LaTeX Font Info:    Try loading font information for OML+lmm on input line 62.
("C:\Program Files\MiKTeX 2.9\tex\latex\lm\omllmm.fd"
File: omllmm.fd 2009/10/30 v1.6 Font defs for Latin Modern
)
LaTeX Font Info:    Try loading font information for OMS+lmsy on input line 62.


("C:\Program Files\MiKTeX 2.9\tex\latex\lm\omslmsy.fd"
File: omslmsy.fd 2009/10/30 v1.6 Font defs for Latin Modern
)
LaTeX Font Info:    Try loading font information for OMX+lmex on input line 62.


("C:\Program Files\MiKTeX 2.9\tex\latex\lm\omxlmex.fd"
File: omxlmex.fd 2009/10/30 v1.6 Font defs for Latin Modern
)
LaTeX Font Info:    External font `lmex10' loaded for size
(Font)              <10.95> on input line 62.
LaTeX Font Info:    External font `lmex10' loaded for size
(Font)              <8> on input line 62.
LaTeX Font Info:    External font `lmex10' loaded for size
(Font)              <6> on input line 62.
LaTeX Font Info:    Try loading font information for U+msa on input line 62.

("C:\Program Files\MiKTeX 2.9\tex\latex\amsfonts\umsa.fd"
File: umsa.fd 2009/06/22 v3.00 AMS symbols A
)
LaTeX Font Info:    Try loading font information for U+msb on input line 62.

("C:\Program Files\MiKTeX 2.9\tex\latex\amsfonts\umsb.fd"
File: umsb.fd 2009/06/22 v3.00 AMS symbols B
)
LaTeX Font Info:    External font `lmex10' loaded for size
(Font)              <12> on input line 62.

Overfull \hbox (133.7529pt too wide) in paragraph at lines 62--62
[]|[][][][][][]| 
 []


Overfull \hbox (179.32709pt too wide) in paragraph at lines 62--63
[] 
 []

[1

{C:/Users/giorgos/AppData/Local/MiKTeX/2.9/pdftex/config/pdftex.map}]
LaTeX Font Info:    Try loading font information for OT1+lmtt on input line 103
.

("C:\Program Files\MiKTeX 2.9\tex\latex\lm\ot1lmtt.fd"
File: ot1lmtt.fd 2009/10/30 v1.6 Font defs for Latin Modern
)
LaTeX Font Info:    External font `lmex10' loaded for size
(Font)              <5> on input line 110.
Package hyperref Info: bookmark level for unknown algorithm defaults to 0 on in
put line 124.
LaTeX Font Info:    External font `lmex10' loaded for size
(Font)              <10> on input line 128.
LaTeX Font Info:    External font `lmex10' loaded for size
(Font)              <7> on input line 128.
 [2pdfTeX warning (ext4): destination with the same identifier (name{ALC@rem.1}
) has been already used, duplicate ignored

\AtBegShi@Output ...ipout \box \AtBeginShipoutBox 
                                                  \fi \fi 
l.170 \begin{verbatim}
                      pdfTeX warning (ext4): destination with the same identifi
er (name{ALC@rem.1}) has been already used, duplicate ignored

\AtBegShi@Output ...ipout \box \AtBeginShipoutBox 
                                                  \fi \fi 
l.170 \begin{verbatim}
                      pdfTeX warning (ext4): destination with the same identifi
er (name{ALC@rem.1}) has been already used, duplicate ignored

\AtBegShi@Output ...ipout \box \AtBeginShipoutBox 
                                                  \fi \fi 
l.170 \begin{verbatim}
                      pdfTeX warning (ext4): destination with the same identifi
er (name{ALC@rem.1}) has been already used, duplicate ignored

\AtBegShi@Output ...ipout \box \AtBeginShipoutBox 
                                                  \fi \fi 
l.170 \begin{verbatim}
                      pdfTeX warning (ext4): destination with the same identifi
er (name{ALC@rem.1}) has been already used, duplicate ignored

\AtBegShi@Output ...ipout \box \AtBeginShipoutBox 
                                                  \fi \fi 
l.170 \begin{verbatim}
                      pdfTeX warning (ext4): destination with the same identifi
er (name{ALC@rem.1}) has been already used, duplicate ignored

\AtBegShi@Output ...ipout \box \AtBeginShipoutBox 
                                                  \fi \fi 
l.170 \begin{verbatim}
                      pdfTeX warning (ext4): destination with the same identifi
er (name{ALC@rem.1}) has been already used, duplicate ignored

\AtBegShi@Output ...ipout \box \AtBeginShipoutBox 
                                                  \fi \fi 
l.170 \begin{verbatim}
                      pdfTeX warning (ext4): destination with the same identifi
er (name{ALC@rem.1}) has been already used, duplicate ignored

\AtBegShi@Output ...ipout \box \AtBeginShipoutBox 
                                                  \fi \fi 
l.170 \begin{verbatim}
                      pdfTeX warning (ext4): destination with the same identifi
er (name{ALC@rem.1}) has been already used, duplicate ignored

\AtBegShi@Output ...ipout \box \AtBeginShipoutBox 
                                                  \fi \fi 
l.170 \begin{verbatim}
                      pdfTeX warning (ext4): destination with the same identifi
er (name{ALC@rem.1}) has been already used, duplicate ignored

\AtBegShi@Output ...ipout \box \AtBeginShipoutBox 
                                                  \fi \fi 
l.170 \begin{verbatim}
                      pdfTeX warning (ext4): destination with the same identifi
er (name{ALC@rem.1}) has been already used, duplicate ignored

\AtBegShi@Output ...ipout \box \AtBeginShipoutBox 
                                                  \fi \fi 
l.170 \begin{verbatim}
                      pdfTeX warning (ext4): destination with the same identifi
er (name{ALC@rem.1}) has been already used, duplicate ignored

\AtBegShi@Output ...ipout \box \AtBeginShipoutBox 
                                                  \fi \fi 
l.170 \begin{verbatim}
                      pdfTeX warning (ext4): destination with the same identifi
er (name{ALC@rem.1}) has been already used, duplicate ignored

\AtBegShi@Output ...ipout \box \AtBeginShipoutBox 
                                                  \fi \fi 
l.170 \begin{verbatim}
                      pdfTeX warning (ext4): destination with the same identifi
er (name{ALC@rem.1}) has been already used, duplicate ignored

\AtBegShi@Output ...ipout \box \AtBeginShipoutBox 
                                                  \fi \fi 
l.170 \begin{verbatim}
                      pdfTeX warning (ext4): destination with the same identifi
er (name{ALC@rem.1}) has been already used, duplicate ignored

\AtBegShi@Output ...ipout \box \AtBeginShipoutBox 
                                                  \fi \fi 
l.170 \begin{verbatim}
                      pdfTeX warning (ext4): destination with the same identifi
er (name{ALC@rem.1}) has been already used, duplicate ignored

\AtBegShi@Output ...ipout \box \AtBeginShipoutBox 
                                                  \fi \fi 
l.170 \begin{verbatim}
                      pdfTeX warning (ext4): destination with the same identifi
er (name{ALC@rem.1}) has been already used, duplicate ignored

\AtBegShi@Output ...ipout \box \AtBeginShipoutBox 
                                                  \fi \fi 
l.170 \begin{verbatim}
                      pdfTeX warning (ext4): destination with the same identifi
er (name{ALC@rem.1}) has been already used, duplicate ignored

\AtBegShi@Output ...ipout \box \AtBeginShipoutBox 
                                                  \fi \fi 
l.170 \begin{verbatim}
                      pdfTeX warning (ext4): destination with the same identifi
er (name{ALC@rem.1}) has been already used, duplicate ignored

\AtBegShi@Output ...ipout \box \AtBeginShipoutBox 
                                                  \fi \fi 
l.170 \begin{verbatim}
                      ]
LaTeX Font Info:    Try loading font information for OMS+lmr on input line 218.

 ("C:\Program Files\MiKTeX 2.9\tex\latex\lm\omslmr.fd"
File: omslmr.fd 2009/10/30 v1.6 Font defs for Latin Modern
)
LaTeX Font Info:    Font shape `OMS/lmr/m/n' in size <10.95> not available
(Font)              Font shape `OMS/lmsy/m/n' tried instead on input line 218.


LaTeX Warning: `!h' float specifier changed to `!ht'.

pdfTeX warning (ext4): destination with the same identifier (name{ALC@line.1}) 
has been already used, duplicate ignored
<to be read again> 
                   \relax 
l.264 \STATE
             {\bf Input: }$RulesRL[]$, $Sentence\ S[]$pdfTeX warning (ext4): de
stination with the same identifier (name{ALC@rem.1}) has been already used, dup
licate ignored
<to be read again> 
                   \relax 
l.264 \STATE
             {\bf Input: }$RulesRL[]$, $Sentence\ S[]$pdfTeX warning (ext4): de
stination with the same identifier (name{ALC@line.2}) has been already used, du
plicate ignored
<to be read again> 
                   \relax 
l.265 \STATE
             {\#$RulesRL$}, is a dictionary in which for every production $p...
pdfTeX warning (ext4): destination with the same identifier (name{ALC@rem.1}) h
as been already used, duplicate ignored
<to be read again> 
                   \relax 
l.265 \STATE
             {\#$RulesRL$}, is a dictionary in which for every production $p...
pdfTeX warning (ext4): destination with the same identifier (name{ALC@line.3}) 
has been already used, duplicate ignored
<to be read again> 
                   \relax 
l.266 \STATE
             {\bf Output: }$Chart[\textbf{length}(S)+1][\textbf{length}(S)+1]$p
dfTeX warning (ext4): destination with the same identifier (name{ALC@rem.1}) ha
s been already used, duplicate ignored
<to be read again> 
                   \relax 
l.266 \STATE
             {\bf Output: }$Chart[\textbf{length}(S)+1][\textbf{length}(S)+1]$p
dfTeX warning (ext4): destination with the same identifier (name{ALC@line.4}) h
as been already used, duplicate ignored
<to be read again> 
                   \relax 
l.267 \STATE
            pdfTeX warning (ext4): destination with the same identifier (name{A
LC@rem.1}) has been already used, duplicate ignored
<to be read again> 
                   \relax 
l.267 \STATE
            pdfTeX warning (ext4): destination with the same identifier (name{A
LC@line.5}) has been already used, duplicate ignored
<to be read again> 
                   \relax 
l.268 \STATE
             {\# Chart initialization}pdfTeX warning (ext4): destination with t
he same identifier (name{ALC@rem.1}) has been already used, duplicate ignored
<to be read again> 
                   \relax 
l.268 \STATE
             {\# Chart initialization}pdfTeX warning (ext4): destination with t
he same identifier (name{ALC@line.6}) has been already used, duplicate ignored
<to be read again> 
                   \relax 
l.269 \FOR{{\bf i} $\in$ (0,\textbf{length}(s))}
                                                pdfTeX warning (ext4): destinat
ion with the same identifier (name{ALC@rem.1}) has been already used, duplicate
 ignored
<to be read again> 
                   \relax 
l.269 \FOR{{\bf i} $\in$ (0,\textbf{length}(s))}
                                                pdfTeX warning (ext4): destinat
ion with the same identifier (name{ALC@line.7}) has been already used, duplicat
e ignored
<to be read again> 
                   \relax 
l.270 \IF{$S[i]$ $\notin$ $RulesRL[]$}
                                      pdfTeX warning (ext4): destination with t
he same identifier (name{ALC@rem.1}) has been already used, duplicate ignored
<to be read again> 
                   \relax 
l.270 \IF{$S[i]$ $\notin$ $RulesRL[]$}
                                      pdfTeX warning (ext4): destination with t
he same identifier (name{ALC@line.8}) has been already used, duplicate ignored
<to be read again> 
                   \relax 
l.271 \STATE
            {$\textbf{handle\_unknown\_word}(S[i])$}pdfTeX warning (ext4): dest
ination with the same identifier (name{ALC@rem.1}) has been already used, dupli
cate ignored
<to be read again> 
                   \relax 
l.271 \STATE
            {$\textbf{handle\_unknown\_word}(S[i])$}pdfTeX warning (ext4): dest
ination with the same identifier (name{ALC@line.9}) has been already used, dupl
icate ignored
<to be read again> 
                   \relax 
l.273 \FOR
          {{\bf node} $\in$ $RulesRL[S[i]]$}pdfTeX warning (ext4): destination 
with the same identifier (name{ALC@rem.1}) has been already used, duplicate ign
ored
<to be read again> 
                   \relax 
l.273 \FOR
          {{\bf node} $\in$ $RulesRL[S[i]]$}pdfTeX warning (ext4): destination 
with the same identifier (name{ALC@line.10}) has been already used, duplicate i
gnored
<to be read again> 
                   \relax 
l.273 \FOR{{\bf node} $\in$ $RulesRL[S[i]]$}
                                            pdfTeX warning (ext4): destination 
with the same identifier (name{ALC@rem.1}) has been already used, duplicate ign
ored
<to be read again> 
                   \relax 
l.273 \FOR{{\bf node} $\in$ $RulesRL[S[i]]$}
                                            pdfTeX warning (ext4): destination 
with the same identifier (name{ALC@line.11}) has been already used, duplicate i
gnored
<to be read again> 
                   \relax 
l.274 \STATE
            {$Chart[i][i+1].\textbf{add}(node)$}pdfTeX warning (ext4): destinat
ion with the same identifier (name{ALC@rem.1}) has been already used, duplicate
 ignored
<to be read again> 
                   \relax 
l.274 \STATE
            {$Chart[i][i+1].\textbf{add}(node)$}pdfTeX warning (ext4): destinat
ion with the same identifier (name{ALC@line.12}) has been already used, duplica
te ignored
<to be read again> 
                   \relax 
l.275 \ENDFOR
             pdfTeX warning (ext4): destination with the same identifier (name{
ALC@rem.1}) has been already used, duplicate ignored
<to be read again> 
                   \relax 
l.275 \ENDFOR
             pdfTeX warning (ext4): destination with the same identifier (name{
ALC@line.13}) has been already used, duplicate ignored
<to be read again> 
                   \relax 
l.276 \ENDIF
            pdfTeX warning (ext4): destination with the same identifier (name{A
LC@rem.1}) has been already used, duplicate ignored
<to be read again> 
                   \relax 
l.276 \ENDIF
            pdfTeX warning (ext4): destination with the same identifier (name{A
LC@line.14}) has been already used, duplicate ignored
<to be read again> 
                   \relax 
l.277 \STATE
            {$\textbf{check\_unaries}(Chart[i][i+1])$}pdfTeX warning (ext4): de
stination with the same identifier (name{ALC@rem.1}) has been already used, dup
licate ignored
<to be read again> 
                   \relax 
l.277 \STATE
            {$\textbf{check\_unaries}(Chart[i][i+1])$}pdfTeX warning (ext4): de
stination with the same identifier (name{ALC@line.15}) has been already used, d
uplicate ignored
<to be read again> 
                   \relax 
l.278 \ENDFOR
             pdfTeX warning (ext4): destination with the same identifier (name{
ALC@rem.1}) has been already used, duplicate ignored
<to be read again> 
                   \relax 
l.278 \ENDFOR
             pdfTeX warning (ext4): destination with the same identifier (name{
ALC@line.16}) has been already used, duplicate ignored
<to be read again> 
                   \relax 
l.279 \STATE
            pdfTeX warning (ext4): destination with the same identifier (name{A
LC@rem.1}) has been already used, duplicate ignored
<to be read again> 
                   \relax 
l.279 \STATE
            pdfTeX warning (ext4): destination with the same identifier (name{A
LC@line.17}) has been already used, duplicate ignored
<to be read again> 
                   \relax 
l.280 \STATE
             {\# Fill productions in chart}pdfTeX warning (ext4): destination w
ith the same identifier (name{ALC@rem.1}) has been already used, duplicate igno
red
<to be read again> 
                   \relax 
l.280 \STATE
             {\# Fill productions in chart}pdfTeX warning (ext4): destination w
ith the same identifier (name{ALC@line.18}) has been already used, duplicate ig
nored
<to be read again> 
                   \relax 
l.281 \STATE
             $n = \textbf{length}(S) + 1$pdfTeX warning (ext4): destination wit
h the same identifier (name{ALC@rem.1}) has been already used, duplicate ignore
d
<to be read again> 
                   \relax 
l.281 \STATE
             $n = \textbf{length}(S) + 1$pdfTeX warning (ext4): destination wit
h the same identifier (name{ALC@line.19}) has been already used, duplicate igno
red
<to be read again> 
                   \relax 
l.282 \FOR{{\bf span} $\in$ (2,n)}
                                  pdfTeX warning (ext4): destination with the s
ame identifier (name{ALC@rem.1}) has been already used, duplicate ignored
<to be read again> 
                   \relax 
l.282 \FOR{{\bf span} $\in$ (2,n)}
                                  pdfTeX warning (ext4): destination with the s
ame identifier (name{ALC@line.20}) has been already used, duplicate ignored
<to be read again> 
                   \relax 
l.283 \FOR{{\bf begin} $\in$ (0,n-span)}
                                        pdfTeX warning (ext4): destination with
 the same identifier (name{ALC@rem.1}) has been already used, duplicate ignored

<to be read again> 
                   \relax 
l.283 \FOR{{\bf begin} $\in$ (0,n-span)}
                                        pdfTeX warning (ext4): destination with
 the same identifier (name{ALC@rem.1}) has been already used, duplicate ignored

<to be read again> 
                   \relax 
l.284 \STATE
             $end = begin + span$pdfTeX warning (ext4): destination with the sa
me identifier (name{ALC@rem.1}) has been already used, duplicate ignored
<to be read again> 
                   \relax 
l.285 \FOR{{\bf split} $\in$ (begin,end)}
                                         pdfTeX warning (ext4): destination wit
h the same identifier (name{ALC@rem.1}) has been already used, duplicate ignore
d
<to be read again> 
                   \relax 
l.286 ...{{\bf nodeL} $\in$ $chart[begin][split]$}
                                                  pdfTeX warning (ext4): destin
ation with the same identifier (name{ALC@rem.1}) has been already used, duplica
te ignored
<to be read again> 
                   \relax 
l.287 \FOR{{\bf nodeR} $\in$ $chart[split][end]$}
                                                 pdfTeX warning (ext4): destina
tion with the same identifier (name{ALC@rem.1}) has been already used, duplicat
e ignored
<to be read again> 
                   \relax 
l.288 ...extbf{node} $\notin$ $Chart[begin][end]$}
                                                  pdfTeX warning (ext4): destin
ation with the same identifier (name{ALC@rem.1}) has been already used, duplica
te ignored
<to be read again> 
                   \relax 
l.289 \STATE
            {$Chart[begin][end].\textbf{add}(node)$}pdfTeX warning (ext4): dest
ination with the same identifier (name{ALC@rem.1}) has been already used, dupli
cate ignored
<to be read again> 
                   \relax 
l.290 \ENDFOR
             pdfTeX warning (ext4): destination with the same identifier (name{
ALC@rem.1}) has been already used, duplicate ignored
<to be read again> 
                   \relax 
l.291 \ENDFOR
             pdfTeX warning (ext4): destination with the same identifier (name{
ALC@rem.1}) has been already used, duplicate ignored
<to be read again> 
                   \relax 
l.292 \ENDFOR
             pdfTeX warning (ext4): destination with the same identifier (name{
ALC@rem.1}) has been already used, duplicate ignored
<to be read again> 
                   \relax 
l.293 \ENDFOR
             pdfTeX warning (ext4): destination with the same identifier (name{
ALC@rem.1}) has been already used, duplicate ignored
<to be read again> 
                   \relax 
l.294 \STATE
            {$\textbf{check\_unaries}(Chart[begin][end])$}pdfTeX warning (ext4)
: destination with the same identifier (name{ALC@rem.1}) has been already used,
 duplicate ignored
<to be read again> 
                   \relax 
l.295 \ENDFOR
             pdfTeX warning (ext4): destination with the same identifier (name{
ALC@rem.1}) has been already used, duplicate ignored
<to be read again> 
                   \relax 
l.296 \ENDFOR
              [3pdfTeX warning (ext4): destination with the same identifier (na
me{table.1}) has been already used, duplicate ignored

\AtBegShi@Output ...ipout \box \AtBeginShipoutBox 
                                                  \fi \fi 
l.306 
      ] [4pdfTeX warning (ext4): destination with the same identifier (name{tab
le.2}) has been already used, duplicate ignored

\AtBegShi@Output ...ipout \box \AtBeginShipoutBox 
                                                  \fi \fi 
l.326 
      ]pdfTeX warning (ext4): destination with the same identifier (name{ALC@li
ne.1}) has been already used, duplicate ignored
<to be read again> 
                   \relax 
l.335 \STATE
             {\bf Input: }$Chart[i][j]$pdfTeX warning (ext4): destination with 
the same identifier (name{ALC@rem.1}) has been already used, duplicate ignored
<to be read again> 
                   \relax 
l.335 \STATE
             {\bf Input: }$Chart[i][j]$pdfTeX warning (ext4): destination with 
the same identifier (name{ALC@line.2}) has been already used, duplicate ignored

<to be read again> 
                   \relax 
l.336 \STATE
             {\bf Output: }Updated $Chart[i][j]$pdfTeX warning (ext4): destinat
ion with the same identifier (name{ALC@rem.1}) has been already used, duplicate
 ignored
<to be read again> 
                   \relax 
l.336 \STATE
             {\bf Output: }Updated $Chart[i][j]$pdfTeX warning (ext4): destinat
ion with the same identifier (name{ALC@line.3}) has been already used, duplicat
e ignored
<to be read again> 
                   \relax 
l.337 \STATE
            {$added = true$}pdfTeX warning (ext4): destination with the same id
entifier (name{ALC@rem.1}) has been already used, duplicate ignored
<to be read again> 
                   \relax 
l.337 \STATE
            {$added = true$}pdfTeX warning (ext4): destination with the same id
entifier (name{ALC@line.4}) has been already used, duplicate ignored
<to be read again> 
                   \relax 
l.338 \WHILE{$added$}
                     pdfTeX warning (ext4): destination with the same identifie
r (name{ALC@rem.1}) has been already used, duplicate ignored
<to be read again> 
                   \relax 
l.338 \WHILE{$added$}
                     pdfTeX warning (ext4): destination with the same identifie
r (name{ALC@line.5}) has been already used, duplicate ignored
<to be read again> 
                   \relax 
l.339 \STATE
            {$added = false$}pdfTeX warning (ext4): destination with the same i
dentifier (name{ALC@rem.1}) has been already used, duplicate ignored
<to be read again> 
                   \relax 
l.339 \STATE
            {$added = false$}pdfTeX warning (ext4): destination with the same i
dentifier (name{ALC@line.6}) has been already used, duplicate ignored
<to be read again> 
                   \relax 
l.340 \FOR{{\bf ref\_node} $\in$ $chart[i][j]$}
                                               pdfTeX warning (ext4): destinati
on with the same identifier (name{ALC@rem.1}) has been already used, duplicate 
ignored
<to be read again> 
                   \relax 
l.340 \FOR{{\bf ref\_node} $\in$ $chart[i][j]$}
                                               pdfTeX warning (ext4): destinati
on with the same identifier (name{ALC@line.7}) has been already used, duplicate
 ignored
<to be read again> 
                   \relax 
l.341 ...[j]$ \textbf{and} \textbf{node}$=="TOP"$}
                                                  pdfTeX warning (ext4): destin
ation with the same identifier (name{ALC@rem.1}) has been already used, duplica
te ignored
<to be read again> 
                   \relax 
l.341 ...[j]$ \textbf{and} \textbf{node}$=="TOP"$}
                                                  pdfTeX warning (ext4): destin
ation with the same identifier (name{ALC@line.8}) has been already used, duplic
ate ignored
<to be read again> 
                   \relax 
l.342 \STATE
            {$Chart[i][j].\textbf{add}(node)$}pdfTeX warning (ext4): destinatio
n with the same identifier (name{ALC@rem.1}) has been already used, duplicate i
gnored
<to be read again> 
                   \relax 
l.342 \STATE
            {$Chart[i][j].\textbf{add}(node)$}pdfTeX warning (ext4): destinatio
n with the same identifier (name{ALC@line.9}) has been already used, duplicate 
ignored
<to be read again> 
                   \relax 
l.343 \STATE
             $added = true$pdfTeX warning (ext4): destination with the same ide
ntifier (name{ALC@rem.1}) has been already used, duplicate ignored
<to be read again> 
                   \relax 
l.343 \STATE
             $added = true$pdfTeX warning (ext4): destination with the same ide
ntifier (name{ALC@line.10}) has been already used, duplicate ignored
<to be read again> 
                   \relax 
l.344 \ENDFOR
             pdfTeX warning (ext4): destination with the same identifier (name{
ALC@rem.1}) has been already used, duplicate ignored
<to be read again> 
                   \relax 
l.344 \ENDFOR
             pdfTeX warning (ext4): destination with the same identifier (name{
ALC@line.11}) has been already used, duplicate ignored
<to be read again> 
                   \relax 
l.345 \ENDFOR
             pdfTeX warning (ext4): destination with the same identifier (name{
ALC@rem.1}) has been already used, duplicate ignored
<to be read again> 
                   \relax 
l.345 \ENDFOR
             pdfTeX warning (ext4): destination with the same identifier (name{
ALC@line.12}) has been already used, duplicate ignored
<to be read again> 
                   \relax 
l.346 \ENDWHILE
               pdfTeX warning (ext4): destination with the same identifier (nam
e{ALC@rem.1}) has been already used, duplicate ignored
<to be read again> 
                   \relax 
l.346 \ENDWHILE
                [5]
Package atveryend Info: Empty hook `BeforeClearDocument' on input line 390.
 [6]
Package atveryend Info: Empty hook `AfterLastShipout' on input line 390.

(C:\Users\giorgos\workspacePy\ELPL-assignment\Ass1\report\report.aux)
Package atveryend Info: Executing hook `AtVeryEndDocument' on input line 390.
Package atveryend Info: Executing hook `AtEndAfterFileList' on input line 390.
Package rerunfilecheck Info: File `report.out' has not changed.
(rerunfilecheck)             Checksum: 742C0575626D84771C6DF9CFDF03EF37;906.


LaTeX Warning: There were multiply-defined labels.

Package atveryend Info: Empty hook `AtVeryVeryEnd' on input line 390.
 ) 
Here is how much of TeX's memory you used:
 15157 strings out of 494045
 267151 string characters out of 3148380
 368310 words of memory out of 3000000
 18058 multiletter control sequences out of 15000+200000
 73057 words of font info for 68 fonts, out of 3000000 for 9000
 715 hyphenation exceptions out of 8191
 56i,13n,55p,1143b,972s stack positions out of 5000i,500n,10000p,200000b,50000s
{C:/Program Files/MiKTeX 2.9/fonts/enc/dvips/lm/lm-rm.enc}{C:/Program Files/M
iKTeX 2.9/fonts/enc/dvips/lm/lm-mathsy.enc}{C:/Program Files/MiKTeX 2.9/fonts/e
nc/dvips/lm/lm-rmtt.enc}{C:/Program Files/MiKTeX 2.9/fonts/enc/dvips/lm/lm-math
it.enc}<C:/Program Files/MiKTeX 2.9/fonts/type1/public/lm/lmbx10.pfb><C:/Progra
m Files/MiKTeX 2.9/fonts/type1/public/lm/lmbx12.pfb><C:/Program Files/MiKTeX 2.
9/fonts/type1/public/lm/lmbx6.pfb><C:/Program Files/MiKTeX 2.9/fonts/type1/publ
ic/lm/lmbx8.pfb><C:/Program Files/MiKTeX 2.9/fonts/type1/public/lm/lmmi10.pfb><
C:/Program Files/MiKTeX 2.9/fonts/type1/public/lm/lmmi8.pfb><C:/Program Files/M
iKTeX 2.9/fonts/type1/public/lm/lmr10.pfb><C:/Program Files/MiKTeX 2.9/fonts/ty
pe1/public/lm/lmr12.pfb><C:/Program Files/MiKTeX 2.9/fonts/type1/public/lm/lmr6
.pfb><C:/Program Files/MiKTeX 2.9/fonts/type1/public/lm/lmr8.pfb><C:/Program Fi
les/MiKTeX 2.9/fonts/type1/public/lm/lmr9.pfb><C:/Program Files/MiKTeX 2.9/font
s/type1/public/lm/lmri10.pfb><C:/Program Files/MiKTeX 2.9/fonts/type1/public/lm
/lmsy10.pfb><C:/Program Files/MiKTeX 2.9/fonts/type1/public/lm/lmsy8.pfb><C:/Pr
ogram Files/MiKTeX 2.9/fonts/type1/public/lm/lmtt10.pfb><C:/Program Files/MiKTe
X 2.9/fonts/type1/public/lm/lmtt8.pfb>
Output written on report.pdf (6 pages, 377697 bytes).
PDF statistics:
 215 PDF objects out of 1000 (max. 8388607)
 59 named destinations out of 1000 (max. 500000)
 117 words of extra memory for PDF output out of 10000 (max. 10000000)

